<acceptance-test-run title="Envio y recepcion de correo electronico en gmail" name="Envio y recepcion de correo electronico en gmail" steps="2" successful="1" failures="0" errors="1" skipped="0" ignored="0" pending="0" annotated-result="ERROR" result="ERROR" duration="31073" timestamp="2017-11-09T13:37:40.120-05:00" session-id="59cce89043c093226ae389a204708507">
  <user-story id="envio_recepcion_correo" name="Envio recepcion correo" path="stories.pruebatecnica/envio_recepcion_correo.story"/>
  <tags>
    <tag name="Envio recepcion correo" type="story"/>
  </tags>
  <examples>
    <datasets>
      <dataset startRow="0" rowCount="0"/>
    </datasets>
    <headers>
      <header>correo</header>
      <header>pass</header>
    </headers>
    <rows>
      <row result="ERROR">
        <value>restrej@gmail.com</value>
        <value>restre</value>
      </row>
    </rows>
  </examples>
  <test-group name="[1] {correo=restrej@gmail.com, pass=restre}" result="ERROR">
    <test-group name="Given estoy cargando el sitioweb de gmail: {https://gmail.com}" result="SUCCESS">
      <screenshots>
        <screenshot image="9f0ba95ec623e25133d82b42996ca993.png"/>
      </screenshots>
      <test-step result="SUCCESS" duration="29607">
        <screenshots>
          <screenshot image="9f0ba95ec623e25133d82b42996ca993.png"/>
        </screenshots>
        <description>Acceso aplicativo correo: https://gmail.com</description>
      </test-step>
    </test-group>
    <test-group name="When voy a iniciar sesion, con el email ｟restrej@gmail.com｠ y password ｟restre｠" result="ERROR">
      <test-step result="ERROR" duration="732">
        <screenshots>
          <screenshot image="9f0ba95ec623e25133d82b42996ca993.png" source="pagesource7339202983148752082.html.txt"/>
        </screenshots>
        <description>Inicio desesion: restrej@gmail.com, restre</description>
        <error>org.openqa.selenium.NoSuchElementException: Timed out after 0 seconds. Element not found
For documentation on this error, please visit: http://seleniumhq.org/exceptions/no_such_element.html
Build info: version: &apos;2.53.1&apos;, revision: &apos;a36b8b1cd5757287168e54b817830adce9b0158d&apos;, time: &apos;2016-06-30 19:26:09&apos;
System info: host: &apos;QV22&apos;, ip: &apos;127.0.0.1&apos;, os.name: &apos;Windows 7&apos;, os.arch: &apos;amd64&apos;, os.version: &apos;6.1&apos;, java.version: &apos;1.8.0_121&apos;
Driver info: driver.version: unknown</error>
        <exception>org.openqa.selenium.NoSuchElementException:Timed out after 0 seconds. Element not found
For documentation on this error, please visit: http://seleniumhq.org/exceptions/no_such_element.html
Build info: version: &apos;2.53.1&apos;, revision: &apos;a36b8b1cd5757287168e54b817830adce9b0158d&apos;, time: &apos;2016-06-30 19:26:09&apos;
System info: host: &apos;QV22&apos;, ip: &apos;127.0.0.1&apos;, os.name: &apos;Windows 7&apos;, os.arch: &apos;amd64&apos;, os.version: &apos;6.1&apos;, java.version: &apos;1.8.0_121&apos;
Driver info: driver.version: unknown&#xd;
[com.sura.pruebatecnica.correoelectronico.pages.IngresoSitioWebPages.inicioDesesion(IngresoSitioWebPages.java:43), com.sura.pruebatecnica.correoelectronico.steps.IngresoSitioWebSteps.inicioDesesion(IngresoSitioWebSteps.java:20), com.sura.pruebatecnica.correoelectronico.definitions.IngresoSitioWebDefinitions.inicioDesesion(IngresoSitioWebDefinitions.java:22)]</exception>
      </test-step>
    </test-group>
  </test-group>
</acceptance-test-run>